<?xml version="1.0" encoding="UTF-8"?>
<testsuite xmlns:xsi="http://www.w3.org/2001/XMLSchema-instance" xsi:noNamespaceSchemaLocation="https://maven.apache.org/surefire/maven-surefire-plugin/xsd/surefire-test-report-3.0.xsd" version="3.0" name="ContactManagerTest" time="0.207" tests="18" errors="0" skipped="0" failures="0">
  <properties>
    <property name="java.specification.version" value="21"/>
    <property name="sun.cpu.isalist" value="amd64"/>
    <property name="sun.jnu.encoding" value="Cp1252"/>
    <property name="java.class.path" value="C:\Users\antho\OneDrive - Queensland University of Technology\Sem_1_2025\CAB302\Practicals\Week 8\address-book\target\test-classes;C:\Users\antho\.m2\repository\org\openjfx\javafx-controls\21\javafx-controls-21.jar;C:\Users\antho\.m2\repository\org\openjfx\javafx-graphics\21\javafx-graphics-21.jar;C:\Users\antho\.m2\repository\org\openjfx\javafx-base\21\javafx-base-21.jar;C:\Users\antho\.m2\repository\org\openjfx\javafx-fxml\21\javafx-fxml-21.jar;C:\Users\antho\.m2\repository\org\apache\maven\plugins\maven-surefire-plugin\3.5.3\maven-surefire-plugin-3.5.3.jar;C:\Users\antho\.m2\repository\org\apache\maven\surefire\surefire-api\3.5.3\surefire-api-3.5.3.jar;C:\Users\antho\.m2\repository\org\apache\maven\surefire\surefire-logger-api\3.5.3\surefire-logger-api-3.5.3.jar;C:\Users\antho\.m2\repository\org\apache\maven\surefire\surefire-shared-utils\3.5.3\surefire-shared-utils-3.5.3.jar;C:\Users\antho\.m2\repository\org\apache\maven\surefire\surefire-extensions-api\3.5.3\surefire-extensions-api-3.5.3.jar;C:\Users\antho\.m2\repository\org\apache\maven\surefire\maven-surefire-common\3.5.3\maven-surefire-common-3.5.3.jar;C:\Users\antho\.m2\repository\org\apache\maven\surefire\surefire-booter\3.5.3\surefire-booter-3.5.3.jar;C:\Users\antho\.m2\repository\org\apache\maven\surefire\surefire-extensions-spi\3.5.3\surefire-extensions-spi-3.5.3.jar;C:\Users\antho\.m2\repository\org\apache\maven\resolver\maven-resolver-util\1.4.1\maven-resolver-util-1.4.1.jar;C:\Users\antho\.m2\repository\org\apache\maven\resolver\maven-resolver-api\1.4.1\maven-resolver-api-1.4.1.jar;C:\Users\antho\.m2\repository\org\apache\maven\shared\maven-common-artifact-filters\3.4.0\maven-common-artifact-filters-3.4.0.jar;C:\Users\antho\.m2\repository\org\codehaus\plexus\plexus-java\1.4.0\plexus-java-1.4.0.jar;C:\Users\antho\.m2\repository\org\ow2\asm\asm\9.7.1\asm-9.7.1.jar;C:\Users\antho\.m2\repository\com\thoughtworks\qdox\qdox\2.2.0\qdox-2.2.0.jar;C:\Users\antho\.m2\repository\org\junit\jupiter\junit-jupiter-api\5.10.0\junit-jupiter-api-5.10.0.jar;C:\Users\antho\.m2\repository\org\opentest4j\opentest4j\1.3.0\opentest4j-1.3.0.jar;C:\Users\antho\.m2\repository\org\junit\platform\junit-platform-commons\1.10.0\junit-platform-commons-1.10.0.jar;C:\Users\antho\.m2\repository\org\apiguardian\apiguardian-api\1.1.2\apiguardian-api-1.1.2.jar;C:\Users\antho\.m2\repository\org\junit\jupiter\junit-jupiter-engine\5.10.0\junit-jupiter-engine-5.10.0.jar;C:\Users\antho\.m2\repository\org\junit\platform\junit-platform-engine\1.10.0\junit-platform-engine-1.10.0.jar;"/>
    <property name="java.vm.vendor" value="Amazon.com Inc."/>
    <property name="sun.arch.data.model" value="64"/>
    <property name="user.variant" value=""/>
    <property name="java.vendor.url" value="https://aws.amazon.com/corretto/"/>
    <property name="user.timezone" value="Australia/Brisbane"/>
    <property name="os.name" value="Windows 11"/>
    <property name="java.vm.specification.version" value="21"/>
    <property name="sun.java.launcher" value="SUN_STANDARD"/>
    <property name="user.country" value="AU"/>
    <property name="sun.boot.library.path" value="C:\Users\antho\.jdks\corretto-21.0.6\bin"/>
    <property name="sun.java.command" value="org.apache.maven.surefire.booter.ForkedBooter C:\Users\antho\AppData\Local\Temp\surefire18362204603301659235 2025-04-20T21-30-36_083-jvmRun1 surefire-20250420213036379_1tmp surefire_0-20250420213036379_2tmp"/>
    <property name="jdk.debug" value="release"/>
    <property name="surefire.test.class.path" value="C:\Users\antho\OneDrive - Queensland University of Technology\Sem_1_2025\CAB302\Practicals\Week 8\address-book\target\test-classes;C:\Users\antho\.m2\repository\org\openjfx\javafx-controls\21\javafx-controls-21.jar;C:\Users\antho\.m2\repository\org\openjfx\javafx-graphics\21\javafx-graphics-21.jar;C:\Users\antho\.m2\repository\org\openjfx\javafx-base\21\javafx-base-21.jar;C:\Users\antho\.m2\repository\org\openjfx\javafx-fxml\21\javafx-fxml-21.jar;C:\Users\antho\.m2\repository\org\apache\maven\plugins\maven-surefire-plugin\3.5.3\maven-surefire-plugin-3.5.3.jar;C:\Users\antho\.m2\repository\org\apache\maven\surefire\surefire-api\3.5.3\surefire-api-3.5.3.jar;C:\Users\antho\.m2\repository\org\apache\maven\surefire\surefire-logger-api\3.5.3\surefire-logger-api-3.5.3.jar;C:\Users\antho\.m2\repository\org\apache\maven\surefire\surefire-shared-utils\3.5.3\surefire-shared-utils-3.5.3.jar;C:\Users\antho\.m2\repository\org\apache\maven\surefire\surefire-extensions-api\3.5.3\surefire-extensions-api-3.5.3.jar;C:\Users\antho\.m2\repository\org\apache\maven\surefire\maven-surefire-common\3.5.3\maven-surefire-common-3.5.3.jar;C:\Users\antho\.m2\repository\org\apache\maven\surefire\surefire-booter\3.5.3\surefire-booter-3.5.3.jar;C:\Users\antho\.m2\repository\org\apache\maven\surefire\surefire-extensions-spi\3.5.3\surefire-extensions-spi-3.5.3.jar;C:\Users\antho\.m2\repository\org\apache\maven\resolver\maven-resolver-util\1.4.1\maven-resolver-util-1.4.1.jar;C:\Users\antho\.m2\repository\org\apache\maven\resolver\maven-resolver-api\1.4.1\maven-resolver-api-1.4.1.jar;C:\Users\antho\.m2\repository\org\apache\maven\shared\maven-common-artifact-filters\3.4.0\maven-common-artifact-filters-3.4.0.jar;C:\Users\antho\.m2\repository\org\codehaus\plexus\plexus-java\1.4.0\plexus-java-1.4.0.jar;C:\Users\antho\.m2\repository\org\ow2\asm\asm\9.7.1\asm-9.7.1.jar;C:\Users\antho\.m2\repository\com\thoughtworks\qdox\qdox\2.2.0\qdox-2.2.0.jar;C:\Users\antho\.m2\repository\org\junit\jupiter\junit-jupiter-api\5.10.0\junit-jupiter-api-5.10.0.jar;C:\Users\antho\.m2\repository\org\opentest4j\opentest4j\1.3.0\opentest4j-1.3.0.jar;C:\Users\antho\.m2\repository\org\junit\platform\junit-platform-commons\1.10.0\junit-platform-commons-1.10.0.jar;C:\Users\antho\.m2\repository\org\apiguardian\apiguardian-api\1.1.2\apiguardian-api-1.1.2.jar;C:\Users\antho\.m2\repository\org\junit\jupiter\junit-jupiter-engine\5.10.0\junit-jupiter-engine-5.10.0.jar;C:\Users\antho\.m2\repository\org\junit\platform\junit-platform-engine\1.10.0\junit-platform-engine-1.10.0.jar;"/>
    <property name="sun.cpu.endian" value="little"/>
    <property name="user.home" value="C:\Users\antho"/>
    <property name="user.language" value="en"/>
    <property name="java.specification.vendor" value="Oracle Corporation"/>
    <property name="jdk.module.path" value="C:\Users\antho\OneDrive - Queensland University of Technology\Sem_1_2025\CAB302\Practicals\Week 8\address-book\target\classes;C:\Users\antho\.m2\repository\org\openjfx\javafx-controls\21\javafx-controls-21-win.jar;C:\Users\antho\.m2\repository\org\openjfx\javafx-graphics\21\javafx-graphics-21-win.jar;C:\Users\antho\.m2\repository\org\openjfx\javafx-base\21\javafx-base-21-win.jar;C:\Users\antho\.m2\repository\org\openjfx\javafx-fxml\21\javafx-fxml-21-win.jar;C:\Users\antho\.m2\repository\org\slf4j\slf4j-api\1.7.36\slf4j-api-1.7.36.jar;C:\Users\antho\.m2\repository\org\xerial\sqlite-jdbc\3.49.1.0\sqlite-jdbc-3.49.1.0.jar"/>
    <property name="java.version.date" value="2025-01-21"/>
    <property name="java.home" value="C:\Users\antho\.jdks\corretto-21.0.6"/>
    <property name="file.separator" value="\"/>
    <property name="basedir" value="C:\Users\antho\OneDrive - Queensland University of Technology\Sem_1_2025\CAB302\Practicals\Week 8\address-book"/>
    <property name="java.vm.compressedOopsMode" value="Zero based"/>
    <property name="line.separator" value="&#10;"/>
    <property name="java.vm.specification.vendor" value="Oracle Corporation"/>
    <property name="java.specification.name" value="Java Platform API Specification"/>
    <property name="surefire.real.class.path" value="C:\Users\antho\.m2\repository\org\apache\maven\surefire\surefire-booter\3.2.5\surefire-booter-3.2.5.jar;C:\Users\antho\.m2\repository\org\apache\maven\surefire\surefire-api\3.2.5\surefire-api-3.2.5.jar;C:\Users\antho\.m2\repository\org\apache\maven\surefire\surefire-logger-api\3.2.5\surefire-logger-api-3.2.5.jar;C:\Users\antho\.m2\repository\org\apache\maven\surefire\surefire-shared-utils\3.2.5\surefire-shared-utils-3.2.5.jar;C:\Users\antho\.m2\repository\org\apache\maven\surefire\surefire-extensions-spi\3.2.5\surefire-extensions-spi-3.2.5.jar;C:\Users\antho\OneDrive - Queensland University of Technology\Sem_1_2025\CAB302\Practicals\Week 8\address-book\target\test-classes;C:\Users\antho\.m2\repository\org\openjfx\javafx-controls\21\javafx-controls-21.jar;C:\Users\antho\.m2\repository\org\openjfx\javafx-graphics\21\javafx-graphics-21.jar;C:\Users\antho\.m2\repository\org\openjfx\javafx-base\21\javafx-base-21.jar;C:\Users\antho\.m2\repository\org\openjfx\javafx-fxml\21\javafx-fxml-21.jar;C:\Users\antho\.m2\repository\org\apache\maven\plugins\maven-surefire-plugin\3.5.3\maven-surefire-plugin-3.5.3.jar;C:\Users\antho\.m2\repository\org\apache\maven\surefire\surefire-api\3.5.3\surefire-api-3.5.3.jar;C:\Users\antho\.m2\repository\org\apache\maven\surefire\surefire-logger-api\3.5.3\surefire-logger-api-3.5.3.jar;C:\Users\antho\.m2\repository\org\apache\maven\surefire\surefire-shared-utils\3.5.3\surefire-shared-utils-3.5.3.jar;C:\Users\antho\.m2\repository\org\apache\maven\surefire\surefire-extensions-api\3.5.3\surefire-extensions-api-3.5.3.jar;C:\Users\antho\.m2\repository\org\apache\maven\surefire\maven-surefire-common\3.5.3\maven-surefire-common-3.5.3.jar;C:\Users\antho\.m2\repository\org\apache\maven\surefire\surefire-booter\3.5.3\surefire-booter-3.5.3.jar;C:\Users\antho\.m2\repository\org\apache\maven\surefire\surefire-extensions-spi\3.5.3\surefire-extensions-spi-3.5.3.jar;C:\Users\antho\.m2\repository\org\apache\maven\resolver\maven-resolver-util\1.4.1\maven-resolver-util-1.4.1.jar;C:\Users\antho\.m2\repository\org\apache\maven\resolver\maven-resolver-api\1.4.1\maven-resolver-api-1.4.1.jar;C:\Users\antho\.m2\repository\org\apache\maven\shared\maven-common-artifact-filters\3.4.0\maven-common-artifact-filters-3.4.0.jar;C:\Users\antho\.m2\repository\org\codehaus\plexus\plexus-java\1.4.0\plexus-java-1.4.0.jar;C:\Users\antho\.m2\repository\org\ow2\asm\asm\9.7.1\asm-9.7.1.jar;C:\Users\antho\.m2\repository\com\thoughtworks\qdox\qdox\2.2.0\qdox-2.2.0.jar;C:\Users\antho\.m2\repository\org\junit\jupiter\junit-jupiter-api\5.10.0\junit-jupiter-api-5.10.0.jar;C:\Users\antho\.m2\repository\org\opentest4j\opentest4j\1.3.0\opentest4j-1.3.0.jar;C:\Users\antho\.m2\repository\org\junit\platform\junit-platform-commons\1.10.0\junit-platform-commons-1.10.0.jar;C:\Users\antho\.m2\repository\org\apiguardian\apiguardian-api\1.1.2\apiguardian-api-1.1.2.jar;C:\Users\antho\.m2\repository\org\junit\jupiter\junit-jupiter-engine\5.10.0\junit-jupiter-engine-5.10.0.jar;C:\Users\antho\.m2\repository\org\junit\platform\junit-platform-engine\1.10.0\junit-platform-engine-1.10.0.jar;C:\Users\antho\.m2\repository\org\apache\maven\surefire\surefire-junit-platform\3.2.5\surefire-junit-platform-3.2.5.jar;C:\Users\antho\.m2\repository\org\apache\maven\surefire\common-java5\3.2.5\common-java5-3.2.5.jar;C:\Users\antho\.m2\repository\org\junit\platform\junit-platform-launcher\1.10.0\junit-platform-launcher-1.10.0.jar"/>
    <property name="user.script" value=""/>
    <property name="sun.management.compiler" value="HotSpot 64-Bit Tiered Compilers"/>
    <property name="java.runtime.version" value="21.0.6+7-LTS"/>
    <property name="user.name" value="antho"/>
    <property name="stdout.encoding" value="Cp1252"/>
    <property name="path.separator" value=";"/>
    <property name="os.version" value="10.0"/>
    <property name="java.runtime.name" value="OpenJDK Runtime Environment"/>
    <property name="file.encoding" value="UTF-8"/>
    <property name="java.vm.name" value="OpenJDK 64-Bit Server VM"/>
    <property name="java.vendor.version" value="Corretto-21.0.6.7.1"/>
    <property name="localRepository" value="C:\Users\antho\.m2\repository"/>
    <property name="java.vendor.url.bug" value="https://github.com/corretto/corretto-21/issues/"/>
    <property name="java.io.tmpdir" value="C:\Users\antho\AppData\Local\Temp\"/>
    <property name="idea.version" value="2024.3.5"/>
    <property name="java.version" value="21.0.6"/>
    <property name="user.dir" value="C:\Users\antho\OneDrive - Queensland University of Technology\Sem_1_2025\CAB302\Practicals\Week 8\address-book"/>
    <property name="os.arch" value="amd64"/>
    <property name="java.vm.specification.name" value="Java Virtual Machine Specification"/>
    <property name="sun.os.patch.level" value=""/>
    <property name="native.encoding" value="Cp1252"/>
    <property name="java.library.path" value="C:\Users\antho\.jdks\corretto-21.0.6\bin;C:\Windows\Sun\Java\bin;C:\Windows\system32;C:\Windows;C:\Windows\system32;C:\Windows;C:\Windows\System32\Wbem;C:\Windows\System32\WindowsPowerShell\v1.0\;C:\Windows\System32\OpenSSH\;C:\Program Files\dotnet\;C:\Program Files\Git\cmd;C:\Program Files\GitHub CLI\;C:\Program Files\PuTTY\;C:\Program Files\nodejs\;C:\Users\antho\.jdks\corretto-21.0.6\bin\;C:\Users\antho\AppData\Local\Programs\Python\Python313\Scripts\;C:\Users\antho\AppData\Local\Programs\Python\Python313\;C:\Users\antho\.m2\wrapper\dists\apache-maven-3.8.5-bin\5i5jha092a3i37g0paqnfr15e0\apache-maven-3.8.5\bin;C:\maven\apache-maven-3.9.9\bin;C:\Users\antho\.jdks\corretto-21.0.6\bin;C:\Users\antho\.m2\wrapper\dists\apache-maven-3.8.5-bin\5i5jha092a3i37g0paqnfr15e0\apache-maven-3.9.9\bin;;C:\Program Files\Docker\Docker\resources\bin;C:\Users\antho\AppData\Local\Programs\Python\Launcher\;C:\Users\antho\AppData\Local\Microsoft\WindowsApps;C:\Users\antho\AppData\Local\Programs\Microsoft VS Code\bin;C:\Users\antho\AppData\Roaming\npm;C:\Users\antho\.dotnet\tools;C:\Users\antho\AppData\Local\Programs\Ollama;."/>
    <property name="java.vm.info" value="mixed mode"/>
    <property name="stderr.encoding" value="Cp1252"/>
    <property name="java.vendor" value="Amazon.com Inc."/>
    <property name="java.vm.version" value="21.0.6+7-LTS"/>
    <property name="sun.io.unicode.encoding" value="UnicodeLittle"/>
    <property name="java.class.version" value="65.0"/>
  </properties>
  <testcase name="testSearchPartialQuery" classname="ContactManagerTest" time="0.019">
    <system-err><![CDATA[SLF4J: Failed to load class "org.slf4j.impl.StaticLoggerBinder".
SLF4J: Defaulting to no-operation (NOP) logger implementation
SLF4J: See http://www.slf4j.org/codes.html#StaticLoggerBinder for further details.
]]></system-err>
  </testcase>
  <testcase name="testSearchByFirstnameCorrectNumberNormalCase" classname="ContactManagerTest" time="0.002"/>
  <testcase name="testSearchByFirstnameMultipleMatchingContacts" classname="ContactManagerTest" time="0.002"/>
  <testcase name="testSearchByEmail" classname="ContactManagerTest" time="0.002"/>
  <testcase name="testSearchByPhone" classname="ContactManagerTest" time="0.003"/>
  <testcase name="testSearchByPhoneCorrectNumber" classname="ContactManagerTest" time="0.001"/>
  <testcase name="testReturnAllContactsWithEmptySearchQuery" classname="ContactManagerTest" time="0.001"/>
  <testcase name="testSearchNoResults" classname="ContactManagerTest" time="0.002"/>
  <testcase name="testSearchByFirstnameCorrectNumberLowerCase" classname="ContactManagerTest" time="0.002"/>
  <testcase name="testSearchByEmailCorrectNumber" classname="ContactManagerTest" time="0.001"/>
  <testcase name="testSearchByLastnameCorrectNumber" classname="ContactManagerTest" time="0.001"/>
  <testcase name="testSearchByFirstnameCorrectNumberUpperCase" classname="ContactManagerTest" time="0.001"/>
  <testcase name="testSearchByFullName" classname="ContactManagerTest" time="0.002"/>
  <testcase name="testSearchCaseInsensitive" classname="ContactManagerTest" time="0.002"/>
  <testcase name="testNumberSearchCaseInsensitive" classname="ContactManagerTest" time="0.001"/>
  <testcase name="testReturnAllContactsWithNullSearchQuery" classname="ContactManagerTest" time="0.001"/>
  <testcase name="testSearchEmptyContacts" classname="ContactManagerTest" time="0.001"/>
  <testcase name="testSearchByEmailSameSection" classname="ContactManagerTest" time="0.0"/>
</testsuite>